GROUP,PACKAGE,CLASS,INSTRUCTION_MISSED,INSTRUCTION_COVERED,BRANCH_MISSED,BRANCH_COVERED,LINE_MISSED,LINE_COVERED,COMPLEXITY_MISSED,COMPLEXITY_COVERED,METHOD_MISSED,METHOD_COVERED
Crud,org.bayat.crud.service.mapper,MappingData,0,54,1,1,0,16,1,5,0,5
Crud,org.bayat.crud.controller,FilterConfig,41,0,0,0,9,0,3,0,3,0
Crud,org.bayat.crud.controller,GlobalControllerExceptionHandler,0,56,0,0,0,12,0,4,0,4
Crud,org.bayat.crud.controller,DataController,0,104,0,0,0,29,0,7,0,7
Crud,org.bayat.crud.service.impl,CrudServiceImplData,4,287,0,16,2,62,0,17,0,9
Crud,org.bayat.crud,CrudApplication,8,0,0,0,3,0,2,0,2,0
